<?xml version="1.0" encoding="UTF-8"?>
<!-- Generated by org.testng.reporters.JUnitReportReporter -->
<testsuite hostname="md1ztsec" failures="0" tests="4" name="com.qa.restCalls.GetPets" time="17.475" errors="0" timestamp="2020-11-22T09:42:13 IST" skipped="0">
  <testcase classname="com.qa.restCalls.GetPets" name="deletePet" time="4.922"/>
  <system-out/>
  <testcase classname="com.qa.restCalls.GetPets" name="put_updatePet" time="1.361"/>
  <system-out/>
  <testcase classname="com.qa.restCalls.GetPets" name="post_availablePet" time="1.585"/>
  <system-out/>
  <testcase classname="com.qa.restCalls.GetPets" name="get_availablePets" time="9.607"/>
  <system-out/>
</testsuite> <!-- com.qa.restCalls.GetPets -->
